Построение начато 23.07.2015 17:31:48.
     1>Проект "C:\Users\cash\Documents\Visual Studio 2010\Projects\Decisions\Decisions\Decisions.vcxproj" в узле 2 (целевые объекты build).
     1>InitializeBuildStatus:
         Создание "Debug\Decisions.unsuccessfulbuild", так как было задано "AlwaysCreate".
       ClCompile:
         C:\Program Files\Microsoft Visual Studio 10.0\VC\bin\CL.exe /c /Zi /nologo /W3 /WX- /Od /Oy- /D _MBCS /Gm /EHsc /RTC1 /MDd /GS /fp:precise /Zc:wchar_t /Zc:forScope /Fo"Debug\\" /Fd"Debug\vc100.pdb" /Gd /TC /analyze- /errorReport:prompt "quest_6(BST).cpp"
         quest_6(BST).cpp
     1>quest_6(BST).cpp(46): warning C4996: 'scanf': This function or variable may be unsafe. Consider using scanf_s instead. To disable deprecation, use _CRT_SECURE_NO_WARNINGS. See online help for details.
                 C:\Program Files\Microsoft Visual Studio 10.0\VC\include\stdio.h(304): см. объявление "scanf"
     1>quest_6(BST).cpp(49): warning C4996: 'scanf': This function or variable may be unsafe. Consider using scanf_s instead. To disable deprecation, use _CRT_SECURE_NO_WARNINGS. See online help for details.
                 C:\Program Files\Microsoft Visual Studio 10.0\VC\include\stdio.h(304): см. объявление "scanf"
     1>quest_6(BST).cpp(59): warning C4996: 'scanf': This function or variable may be unsafe. Consider using scanf_s instead. To disable deprecation, use _CRT_SECURE_NO_WARNINGS. See online help for details.
                 C:\Program Files\Microsoft Visual Studio 10.0\VC\include\stdio.h(304): см. объявление "scanf"
     1>quest_6(BST).cpp(75): warning C4996: 'scanf': This function or variable may be unsafe. Consider using scanf_s instead. To disable deprecation, use _CRT_SECURE_NO_WARNINGS. See online help for details.
                 C:\Program Files\Microsoft Visual Studio 10.0\VC\include\stdio.h(304): см. объявление "scanf"
     1>quest_6(BST).cpp(152): warning C4996: 'strcpy': This function or variable may be unsafe. Consider using strcpy_s instead. To disable deprecation, use _CRT_SECURE_NO_WARNINGS. See online help for details.
                 C:\Program Files\Microsoft Visual Studio 10.0\VC\include\string.h(105): см. объявление "strcpy"
     1>quest_6(BST).cpp(261): warning C4996: 'strcpy': This function or variable may be unsafe. Consider using strcpy_s instead. To disable deprecation, use _CRT_SECURE_NO_WARNINGS. See online help for details.
                 C:\Program Files\Microsoft Visual Studio 10.0\VC\include\string.h(105): см. объявление "strcpy"
     1>quest_6(BST).cpp(262): warning C4996: 'strcpy': This function or variable may be unsafe. Consider using strcpy_s instead. To disable deprecation, use _CRT_SECURE_NO_WARNINGS. See online help for details.
                 C:\Program Files\Microsoft Visual Studio 10.0\VC\include\string.h(105): см. объявление "strcpy"
     1>quest_6(BST).cpp(275): warning C4996: 'strcpy': This function or variable may be unsafe. Consider using strcpy_s instead. To disable deprecation, use _CRT_SECURE_NO_WARNINGS. See online help for details.
                 C:\Program Files\Microsoft Visual Studio 10.0\VC\include\string.h(105): см. объявление "strcpy"
     1>quest_6(BST).cpp(277): warning C4996: 'strcpy': This function or variable may be unsafe. Consider using strcpy_s instead. To disable deprecation, use _CRT_SECURE_NO_WARNINGS. See online help for details.
                 C:\Program Files\Microsoft Visual Studio 10.0\VC\include\string.h(105): см. объявление "strcpy"
     1>quest_6(BST).cpp(284): warning C4996: 'strcpy': This function or variable may be unsafe. Consider using strcpy_s instead. To disable deprecation, use _CRT_SECURE_NO_WARNINGS. See online help for details.
                 C:\Program Files\Microsoft Visual Studio 10.0\VC\include\string.h(105): см. объявление "strcpy"
     1>quest_6(BST).cpp(286): warning C4996: 'strcpy': This function or variable may be unsafe. Consider using strcpy_s instead. To disable deprecation, use _CRT_SECURE_NO_WARNINGS. See online help for details.
                 C:\Program Files\Microsoft Visual Studio 10.0\VC\include\string.h(105): см. объявление "strcpy"
       Link:
         C:\Program Files\Microsoft Visual Studio 10.0\VC\bin\link.exe /ERRORREPORT:PROMPT /OUT:"C:\Users\cash\Documents\Visual Studio 2010\Projects\Decisions\Debug\Decisions.exe" /NOLOGO kernel32.lib user32.lib gdi32.lib winspool.lib comdlg32.lib advapi32.lib shell32.lib ole32.lib oleaut32.lib uuid.lib odbc32.lib odbccp32.lib /MANIFEST /ManifestFile:"Debug\Decisions.exe.intermediate.manifest" /MANIFESTUAC:"level='asInvoker' uiAccess='false'" /DEBUG /PDB:"C:\Users\cash\Documents\Visual Studio 2010\Projects\Decisions\Debug\Decisions.pdb" /TLBID:1 /DYNAMICBASE /NXCOMPAT /IMPLIB:"C:\Users\cash\Documents\Visual Studio 2010\Projects\Decisions\Debug\Decisions.lib" /MACHINE:X86 "Debug\quest_6(BST).obj"
         LINK : не найден или не выполнена сборка C:\Users\cash\Documents\Visual Studio 2010\Projects\Decisions\Debug\Decisions.exe при последней инкрементной компоновке; выполняется полная компоновка
         Decisions.vcxproj -> C:\Users\cash\Documents\Visual Studio 2010\Projects\Decisions\Debug\Decisions.exe
       Manifest:
         C:\Program Files\Microsoft SDKs\Windows\v7.0A\bin\mt.exe /nologo /verbose /outputresource:"C:\Users\cash\Documents\Visual Studio 2010\Projects\Decisions\Debug\Decisions.exe;#1" /manifest Debug\Decisions.exe.intermediate.manifest
       FinalizeBuildStatus:
         Файл "Debug\Decisions.unsuccessfulbuild" удаляется.
         Обращение к "Debug\Decisions.lastbuildstate".
     1>Построение проекта "C:\Users\cash\Documents\Visual Studio 2010\Projects\Decisions\Decisions\Decisions.vcxproj" завершено (целевые объекты build).

Построение успешно завершено.

Затраченное время: 00:00:01.80
